Determining if the pthread_create exist failed with the following output:
Change Dir: /home/adriel/tiago_proj_ws/build/CMakeFiles/CMakeTmp

Run Build Command:"/usr/bin/make" "cmTC_2447c/fast"
/usr/bin/make -f CMakeFiles/cmTC_2447c.dir/build.make CMakeFiles/cmTC_2447c.dir/build
make[1]: Entering directory '/home/adriel/tiago_proj_ws/build/CMakeFiles/CMakeTmp'
Building C object CMakeFiles/cmTC_2447c.dir/CheckSymbolExists.c.o
/usr/bin/cc    -o CMakeFiles/cmTC_2447c.dir/CheckSymbolExists.c.o   -c /home/adriel/tiago_proj_ws/build/CMakeFiles/CMakeTmp/CheckSymbolExists.c
Linking C executable cmTC_2447c
/usr/bin/cmake -E cmake_link_script CMakeFiles/cmTC_2447c.dir/link.txt --verbose=1
/usr/bin/cc      -rdynamic CMakeFiles/cmTC_2447c.dir/CheckSymbolExists.c.o  -o cmTC_2447c 
CMakeFiles/cmTC_2447c.dir/CheckSymbolExists.c.o: In function `main':
CheckSymbolExists.c:(.text+0x1b): undefined reference to `pthread_create'
collect2: error: ld returned 1 exit status
CMakeFiles/cmTC_2447c.dir/build.make:97: recipe for target 'cmTC_2447c' failed
make[1]: *** [cmTC_2447c] Error 1
make[1]: Leaving directory '/home/adriel/tiago_proj_ws/build/CMakeFiles/CMakeTmp'
Makefile:126: recipe for target 'cmTC_2447c/fast' failed
make: *** [cmTC_2447c/fast] Error 2

File /home/adriel/tiago_proj_ws/build/CMakeFiles/CMakeTmp/CheckSymbolExists.c:
/* */
#include <pthread.h>

int main(int argc, char** argv)
{
  (void)argv;
#ifndef pthread_create
  return ((int*)(&pthread_create))[argc];
#else
  (void)argc;
  return 0;
#endif
}

Determining if the function pthread_create exists in the pthreads failed with the following output:
Change Dir: /home/adriel/tiago_proj_ws/build/CMakeFiles/CMakeTmp

Run Build Command:"/usr/bin/make" "cmTC_81fe8/fast"
/usr/bin/make -f CMakeFiles/cmTC_81fe8.dir/build.make CMakeFiles/cmTC_81fe8.dir/build
make[1]: Entering directory '/home/adriel/tiago_proj_ws/build/CMakeFiles/CMakeTmp'
Building C object CMakeFiles/cmTC_81fe8.dir/CheckFunctionExists.c.o
/usr/bin/cc   -DCHECK_FUNCTION_EXISTS=pthread_create   -o CMakeFiles/cmTC_81fe8.dir/CheckFunctionExists.c.o   -c /usr/share/cmake-3.10/Modules/CheckFunctionExists.c
Linking C executable cmTC_81fe8
/usr/bin/cmake -E cmake_link_script CMakeFiles/cmTC_81fe8.dir/link.txt --verbose=1
/usr/bin/cc  -DCHECK_FUNCTION_EXISTS=pthread_create    -rdynamic CMakeFiles/cmTC_81fe8.dir/CheckFunctionExists.c.o  -o cmTC_81fe8 -lpthreads 
/usr/bin/ld: cannot find -lpthreads
collect2: error: ld returned 1 exit status
CMakeFiles/cmTC_81fe8.dir/build.make:97: recipe for target 'cmTC_81fe8' failed
make[1]: *** [cmTC_81fe8] Error 1
make[1]: Leaving directory '/home/adriel/tiago_proj_ws/build/CMakeFiles/CMakeTmp'
Makefile:126: recipe for target 'cmTC_81fe8/fast' failed
make: *** [cmTC_81fe8/fast] Error 2


