Determining if the pthread_create exist failed with the following output:
Change Dir: /home/ardiel/tiago_proj_ws/src/primeiro_proj/build/catkin_tools_prebuild/CMakeFiles/CMakeTmp

Run Build Command:"/usr/bin/make" "cmTC_0495b/fast"
/usr/bin/make -f CMakeFiles/cmTC_0495b.dir/build.make CMakeFiles/cmTC_0495b.dir/build
make[1]: Entering directory '/home/ardiel/tiago_proj_ws/src/primeiro_proj/build/catkin_tools_prebuild/CMakeFiles/CMakeTmp'
Building C object CMakeFiles/cmTC_0495b.dir/CheckSymbolExists.c.o
/usr/bin/cc    -o CMakeFiles/cmTC_0495b.dir/CheckSymbolExists.c.o   -c /home/ardiel/tiago_proj_ws/src/primeiro_proj/build/catkin_tools_prebuild/CMakeFiles/CMakeTmp/CheckSymbolExists.c
Linking C executable cmTC_0495b
/usr/bin/cmake -E cmake_link_script CMakeFiles/cmTC_0495b.dir/link.txt --verbose=1
/usr/bin/cc      -rdynamic CMakeFiles/cmTC_0495b.dir/CheckSymbolExists.c.o  -o cmTC_0495b 
CMakeFiles/cmTC_0495b.dir/CheckSymbolExists.c.o: Na função "main":
CheckSymbolExists.c:(.text+0x1b): referência não definida para "pthread_create"
collect2: error: ld returned 1 exit status
CMakeFiles/cmTC_0495b.dir/build.make:97: recipe for target 'cmTC_0495b' failed
make[1]: *** [cmTC_0495b] Error 1
make[1]: Leaving directory '/home/ardiel/tiago_proj_ws/src/primeiro_proj/build/catkin_tools_prebuild/CMakeFiles/CMakeTmp'
Makefile:126: recipe for target 'cmTC_0495b/fast' failed
make: *** [cmTC_0495b/fast] Error 2

File /home/ardiel/tiago_proj_ws/src/primeiro_proj/build/catkin_tools_prebuild/CMakeFiles/CMakeTmp/CheckSymbolExists.c:
/* */
#include <pthread.h>

int main(int argc, char** argv)
{
  (void)argv;
#ifndef pthread_create
  return ((int*)(&pthread_create))[argc];
#else
  (void)argc;
  return 0;
#endif
}

Determining if the function pthread_create exists in the pthreads failed with the following output:
Change Dir: /home/ardiel/tiago_proj_ws/src/primeiro_proj/build/catkin_tools_prebuild/CMakeFiles/CMakeTmp

Run Build Command:"/usr/bin/make" "cmTC_d76ae/fast"
/usr/bin/make -f CMakeFiles/cmTC_d76ae.dir/build.make CMakeFiles/cmTC_d76ae.dir/build
make[1]: Entering directory '/home/ardiel/tiago_proj_ws/src/primeiro_proj/build/catkin_tools_prebuild/CMakeFiles/CMakeTmp'
Building C object CMakeFiles/cmTC_d76ae.dir/CheckFunctionExists.c.o
/usr/bin/cc   -DCHECK_FUNCTION_EXISTS=pthread_create   -o CMakeFiles/cmTC_d76ae.dir/CheckFunctionExists.c.o   -c /usr/share/cmake-3.10/Modules/CheckFunctionExists.c
Linking C executable cmTC_d76ae
/usr/bin/cmake -E cmake_link_script CMakeFiles/cmTC_d76ae.dir/link.txt --verbose=1
/usr/bin/cc  -DCHECK_FUNCTION_EXISTS=pthread_create    -rdynamic CMakeFiles/cmTC_d76ae.dir/CheckFunctionExists.c.o  -o cmTC_d76ae -lpthreads 
/usr/bin/ld: não foi possível localizar -lpthreads
collect2: error: ld returned 1 exit status
CMakeFiles/cmTC_d76ae.dir/build.make:97: recipe for target 'cmTC_d76ae' failed
make[1]: *** [cmTC_d76ae] Error 1
make[1]: Leaving directory '/home/ardiel/tiago_proj_ws/src/primeiro_proj/build/catkin_tools_prebuild/CMakeFiles/CMakeTmp'
Makefile:126: recipe for target 'cmTC_d76ae/fast' failed
make: *** [cmTC_d76ae/fast] Error 2


